2013/08/12 14:19:00 [error] [system.db.CDbCommand] CDbCommand::fetchAll() failed: SQLSTATE[42S02]: Base table or view not found: 1146 Table 'trackstar.project' doesn't exist. The SQL statement executed was: SHOW COLUMNS FROM `project`.
in D:\xampp\htdocs\trackstar\index.php (13)
2013/08/12 17:32:28 [error] [exception.CException] exception 'CException' with message 'Property "Issue.getStatusOptions" is not defined.' in D:\xampp\htdocs\yii\framework\base\CComponent.php:131
Stack trace:
#0 D:\xampp\htdocs\yii\framework\db\ar\CActiveRecord.php(128): CComponent->__get('getStatusOption...')
#1 D:\xampp\htdocs\trackstar\protected\views\issue\_form.php(38): CActiveRecord->__get('getStatusOption...')
#2 D:\xampp\htdocs\yii\framework\web\CBaseController.php(119): require('D:\xampp\htdocs...')
#3 D:\xampp\htdocs\yii\framework\web\CBaseController.php(88): CBaseController->renderInternal('D:\xampp\htdocs...', Array, true)
#4 D:\xampp\htdocs\yii\framework\web\CController.php(866): CBaseController->renderFile('D:\xampp\htdocs...', Array, true)
#5 D:\xampp\htdocs\trackstar\protected\views\issue\create.php(15): CController->renderPartial('_form', Array)
#6 D:\xampp\htdocs\yii\framework\web\CBaseController.php(119): require('D:\xampp\htdocs...')
#7 D:\xampp\htdocs\yii\framework\web\CBaseController.php(88): CBaseController->renderInternal('D:\xampp\htdocs...', Array, true)
#8 D:\xampp\htdocs\yii\framework\web\CController.php(866): CBaseController->renderFile('D:\xampp\htdocs...', Array, true)
#9 D:\xampp\htdocs\yii\framework\web\CController.php(779): CController->renderPartial('create', Array, true)
#10 D:\xampp\htdocs\trackstar\protected\controllers\IssueController.php(78): CController->render('create', Array)
#11 D:\xampp\htdocs\yii\framework\web\actions\CInlineAction.php(50): IssueController->actionCreate()
#12 D:\xampp\htdocs\yii\framework\web\CController.php(300): CInlineAction->runWithParams(Array)
#13 D:\xampp\htdocs\yii\framework\web\filters\CFilterChain.php(133): CController->runAction(Object(CInlineAction))
#14 D:\xampp\htdocs\yii\framework\web\filters\CFilter.php(41): CFilterChain->run()
#15 D:\xampp\htdocs\yii\framework\web\CController.php(1122): CFilter->filter(Object(CFilterChain))
#16 D:\xampp\htdocs\yii\framework\web\filters\CInlineFilter.php(59): CController->filterAccessControl(Object(CFilterChain))
#17 D:\xampp\htdocs\yii\framework\web\filters\CFilterChain.php(130): CInlineFilter->filter(Object(CFilterChain))
#18 D:\xampp\htdocs\yii\framework\web\CController.php(283): CFilterChain->run()
#19 D:\xampp\htdocs\yii\framework\web\CController.php(257): CController->runActionWithFilters(Object(CInlineAction), Array)
#20 D:\xampp\htdocs\yii\framework\web\CWebApplication.php(328): CController->run('create')
#21 D:\xampp\htdocs\yii\framework\web\CWebApplication.php(121): CWebApplication->runController('issue/create')
#22 D:\xampp\htdocs\yii\framework\base\CApplication.php(155): CWebApplication->processRequest()
#23 D:\xampp\htdocs\trackstar\index.php(13): CApplication->run()
#24 {main} REQUEST_URI=/trackstar/index.php?r=issue/create
2013/08/12 17:32:52 [error] [exception.CException] exception 'CException' with message 'Property "Issue.getStatusOptions" is not defined.' in D:\xampp\htdocs\yii\framework\base\CComponent.php:131
Stack trace:
#0 D:\xampp\htdocs\yii\framework\db\ar\CActiveRecord.php(128): CComponent->__get('getStatusOption...')
#1 D:\xampp\htdocs\trackstar\protected\views\issue\_form.php(38): CActiveRecord->__get('getStatusOption...')
#2 D:\xampp\htdocs\yii\framework\web\CBaseController.php(119): require('D:\xampp\htdocs...')
#3 D:\xampp\htdocs\yii\framework\web\CBaseController.php(88): CBaseController->renderInternal('D:\xampp\htdocs...', Array, true)
#4 D:\xampp\htdocs\yii\framework\web\CController.php(866): CBaseController->renderFile('D:\xampp\htdocs...', Array, true)
#5 D:\xampp\htdocs\trackstar\protected\views\issue\create.php(15): CController->renderPartial('_form', Array)
#6 D:\xampp\htdocs\yii\framework\web\CBaseController.php(119): require('D:\xampp\htdocs...')
#7 D:\xampp\htdocs\yii\framework\web\CBaseController.php(88): CBaseController->renderInternal('D:\xampp\htdocs...', Array, true)
#8 D:\xampp\htdocs\yii\framework\web\CController.php(866): CBaseController->renderFile('D:\xampp\htdocs...', Array, true)
#9 D:\xampp\htdocs\yii\framework\web\CController.php(779): CController->renderPartial('create', Array, true)
#10 D:\xampp\htdocs\trackstar\protected\controllers\IssueController.php(78): CController->render('create', Array)
#11 D:\xampp\htdocs\yii\framework\web\actions\CInlineAction.php(50): IssueController->actionCreate()
#12 D:\xampp\htdocs\yii\framework\web\CController.php(300): CInlineAction->runWithParams(Array)
#13 D:\xampp\htdocs\yii\framework\web\filters\CFilterChain.php(133): CController->runAction(Object(CInlineAction))
#14 D:\xampp\htdocs\yii\framework\web\filters\CFilter.php(41): CFilterChain->run()
#15 D:\xampp\htdocs\yii\framework\web\CController.php(1122): CFilter->filter(Object(CFilterChain))
#16 D:\xampp\htdocs\yii\framework\web\filters\CInlineFilter.php(59): CController->filterAccessControl(Object(CFilterChain))
#17 D:\xampp\htdocs\yii\framework\web\filters\CFilterChain.php(130): CInlineFilter->filter(Object(CFilterChain))
#18 D:\xampp\htdocs\yii\framework\web\CController.php(283): CFilterChain->run()
#19 D:\xampp\htdocs\yii\framework\web\CController.php(257): CController->runActionWithFilters(Object(CInlineAction), Array)
#20 D:\xampp\htdocs\yii\framework\web\CWebApplication.php(328): CController->run('create')
#21 D:\xampp\htdocs\yii\framework\web\CWebApplication.php(121): CWebApplication->runController('issue/create')
#22 D:\xampp\htdocs\yii\framework\base\CApplication.php(155): CWebApplication->processRequest()
#23 D:\xampp\htdocs\trackstar\index.php(13): CApplication->run()
#24 {main} REQUEST_URI=/trackstar/index.php?r=issue/create
2013/08/13 15:01:33 [error] [exception.CHttpException.404] exception 'CHttpException' with message 'The requested project does not exists' in D:\xampp\htdocs\trackstar\protected\controllers\IssueController.php:197
Stack trace:
#0 D:\xampp\htdocs\trackstar\protected\controllers\IssueController.php(188): IssueController->loadProject('1')
#1 D:\xampp\htdocs\yii\framework\web\filters\CInlineFilter.php(59): IssueController->filterProjectContext(Object(CFilterChain))
#2 D:\xampp\htdocs\yii\framework\web\filters\CFilterChain.php(130): CInlineFilter->filter(Object(CFilterChain))
#3 D:\xampp\htdocs\yii\framework\web\filters\CFilter.php(41): CFilterChain->run()
#4 D:\xampp\htdocs\yii\framework\web\CController.php(1122): CFilter->filter(Object(CFilterChain))
#5 D:\xampp\htdocs\yii\framework\web\filters\CInlineFilter.php(59): CController->filterAccessControl(Object(CFilterChain))
#6 D:\xampp\htdocs\yii\framework\web\filters\CFilterChain.php(130): CInlineFilter->filter(Object(CFilterChain))
#7 D:\xampp\htdocs\yii\framework\web\CController.php(283): CFilterChain->run()
#8 D:\xampp\htdocs\yii\framework\web\CController.php(257): CController->runActionWithFilters(Object(CInlineAction), Array)
#9 D:\xampp\htdocs\yii\framework\web\CWebApplication.php(328): CController->run('create')
#10 D:\xampp\htdocs\yii\framework\web\CWebApplication.php(121): CWebApplication->runController('issue/create')
#11 D:\xampp\htdocs\yii\framework\base\CApplication.php(155): CWebApplication->processRequest()
#12 D:\xampp\htdocs\trackstar\index.php(13): CApplication->run()
#13 {main} REQUEST_URI=/trackstar/index.php?r=issue/create&pid=1
2013/08/13 15:01:44 [error] [exception.CHttpException.404] exception 'CHttpException' with message 'The requested project does not exists' in D:\xampp\htdocs\trackstar\protected\controllers\IssueController.php:197
Stack trace:
#0 D:\xampp\htdocs\trackstar\protected\controllers\IssueController.php(188): IssueController->loadProject('2')
#1 D:\xampp\htdocs\yii\framework\web\filters\CInlineFilter.php(59): IssueController->filterProjectContext(Object(CFilterChain))
#2 D:\xampp\htdocs\yii\framework\web\filters\CFilterChain.php(130): CInlineFilter->filter(Object(CFilterChain))
#3 D:\xampp\htdocs\yii\framework\web\filters\CFilter.php(41): CFilterChain->run()
#4 D:\xampp\htdocs\yii\framework\web\CController.php(1122): CFilter->filter(Object(CFilterChain))
#5 D:\xampp\htdocs\yii\framework\web\filters\CInlineFilter.php(59): CController->filterAccessControl(Object(CFilterChain))
#6 D:\xampp\htdocs\yii\framework\web\filters\CFilterChain.php(130): CInlineFilter->filter(Object(CFilterChain))
#7 D:\xampp\htdocs\yii\framework\web\CController.php(283): CFilterChain->run()
#8 D:\xampp\htdocs\yii\framework\web\CController.php(257): CController->runActionWithFilters(Object(CInlineAction), Array)
#9 D:\xampp\htdocs\yii\framework\web\CWebApplication.php(328): CController->run('create')
#10 D:\xampp\htdocs\yii\framework\web\CWebApplication.php(121): CWebApplication->runController('issue/create')
#11 D:\xampp\htdocs\yii\framework\base\CApplication.php(155): CWebApplication->processRequest()
#12 D:\xampp\htdocs\trackstar\index.php(13): CApplication->run()
#13 {main} REQUEST_URI=/trackstar/index.php?r=issue/create&pid=2
2013/08/13 15:48:35 [error] [php] Undefined variable: model (D:\xampp\htdocs\trackstar\protected\views\project\index.php:9)
Stack trace:
#0 D:\xampp\htdocs\yii\framework\web\CController.php(866): ProjectController->renderFile()
#1 D:\xampp\htdocs\yii\framework\web\CController.php(779): ProjectController->renderPartial()
#2 D:\xampp\htdocs\trackstar\protected\controllers\ProjectController.php(133): ProjectController->render()
#3 D:\xampp\htdocs\yii\framework\web\actions\CInlineAction.php(50): ProjectController->actionIndex()
#4 D:\xampp\htdocs\yii\framework\web\CController.php(300): CInlineAction->runWithParams()
#5 D:\xampp\htdocs\yii\framework\web\filters\CFilterChain.php(133): ProjectController->runAction()
#6 D:\xampp\htdocs\yii\framework\web\filters\CFilter.php(41): CFilterChain->run()
#7 D:\xampp\htdocs\yii\framework\web\CController.php(1122): CAccessControlFilter->filter()
#8 D:\xampp\htdocs\yii\framework\web\filters\CInlineFilter.php(59): ProjectController->filterAccessControl()
#9 D:\xampp\htdocs\yii\framework\web\filters\CFilterChain.php(130): CInlineFilter->filter()
#10 D:\xampp\htdocs\yii\framework\web\CController.php(283): CFilterChain->run()
#11 D:\xampp\htdocs\yii\framework\web\CController.php(257): ProjectController->runActionWithFilters()
#12 D:\xampp\htdocs\yii\framework\web\CWebApplication.php(328): ProjectController->run()
#13 D:\xampp\htdocs\yii\framework\web\CWebApplication.php(121): CWebApplication->runController()
#14 D:\xampp\htdocs\yii\framework\base\CApplication.php(155): CWebApplication->processRequest()
#15 D:\xampp\htdocs\trackstar\index.php(13): CWebApplication->run()
REQUEST_URI=/trackstar/index.php?r=project
in D:\xampp\htdocs\trackstar\protected\views\project\index.php (9)
in D:\xampp\htdocs\trackstar\protected\controllers\ProjectController.php (133)
in D:\xampp\htdocs\trackstar\index.php (13)
2013/08/13 15:50:14 [error] [php] Undefined variable: model (D:\xampp\htdocs\trackstar\protected\views\project\index.php:9)
Stack trace:
#0 D:\xampp\htdocs\yii\framework\web\CController.php(866): ProjectController->renderFile()
#1 D:\xampp\htdocs\yii\framework\web\CController.php(779): ProjectController->renderPartial()
#2 D:\xampp\htdocs\trackstar\protected\controllers\ProjectController.php(133): ProjectController->render()
#3 D:\xampp\htdocs\yii\framework\web\actions\CInlineAction.php(50): ProjectController->actionIndex()
#4 D:\xampp\htdocs\yii\framework\web\CController.php(300): CInlineAction->runWithParams()
#5 D:\xampp\htdocs\yii\framework\web\filters\CFilterChain.php(133): ProjectController->runAction()
#6 D:\xampp\htdocs\yii\framework\web\filters\CFilter.php(41): CFilterChain->run()
#7 D:\xampp\htdocs\yii\framework\web\CController.php(1122): CAccessControlFilter->filter()
#8 D:\xampp\htdocs\yii\framework\web\filters\CInlineFilter.php(59): ProjectController->filterAccessControl()
#9 D:\xampp\htdocs\yii\framework\web\filters\CFilterChain.php(130): CInlineFilter->filter()
#10 D:\xampp\htdocs\yii\framework\web\CController.php(283): CFilterChain->run()
#11 D:\xampp\htdocs\yii\framework\web\CController.php(257): ProjectController->runActionWithFilters()
#12 D:\xampp\htdocs\yii\framework\web\CWebApplication.php(328): ProjectController->run()
#13 D:\xampp\htdocs\yii\framework\web\CWebApplication.php(121): CWebApplication->runController()
#14 D:\xampp\htdocs\yii\framework\base\CApplication.php(155): CWebApplication->processRequest()
#15 D:\xampp\htdocs\trackstar\index.php(13): CWebApplication->run()
REQUEST_URI=/trackstar/index.php?r=project
in D:\xampp\htdocs\trackstar\protected\views\project\index.php (9)
in D:\xampp\htdocs\trackstar\protected\controllers\ProjectController.php (133)
in D:\xampp\htdocs\trackstar\index.php (13)
2013/08/13 15:50:21 [error] [php] Undefined variable: model (D:\xampp\htdocs\trackstar\protected\views\project\index.php:9)
Stack trace:
#0 D:\xampp\htdocs\yii\framework\web\CController.php(866): ProjectController->renderFile()
#1 D:\xampp\htdocs\yii\framework\web\CController.php(779): ProjectController->renderPartial()
#2 D:\xampp\htdocs\trackstar\protected\controllers\ProjectController.php(133): ProjectController->render()
#3 D:\xampp\htdocs\yii\framework\web\actions\CInlineAction.php(50): ProjectController->actionIndex()
#4 D:\xampp\htdocs\yii\framework\web\CController.php(300): CInlineAction->runWithParams()
#5 D:\xampp\htdocs\yii\framework\web\filters\CFilterChain.php(133): ProjectController->runAction()
#6 D:\xampp\htdocs\yii\framework\web\filters\CFilter.php(41): CFilterChain->run()
#7 D:\xampp\htdocs\yii\framework\web\CController.php(1122): CAccessControlFilter->filter()
#8 D:\xampp\htdocs\yii\framework\web\filters\CInlineFilter.php(59): ProjectController->filterAccessControl()
#9 D:\xampp\htdocs\yii\framework\web\filters\CFilterChain.php(130): CInlineFilter->filter()
#10 D:\xampp\htdocs\yii\framework\web\CController.php(283): CFilterChain->run()
#11 D:\xampp\htdocs\yii\framework\web\CController.php(257): ProjectController->runActionWithFilters()
#12 D:\xampp\htdocs\yii\framework\web\CWebApplication.php(328): ProjectController->run()
#13 D:\xampp\htdocs\yii\framework\web\CWebApplication.php(121): CWebApplication->runController()
#14 D:\xampp\htdocs\yii\framework\base\CApplication.php(155): CWebApplication->processRequest()
#15 D:\xampp\htdocs\trackstar\index.php(13): CWebApplication->run()
REQUEST_URI=/trackstar/index.php?r=project
in D:\xampp\htdocs\trackstar\protected\views\project\index.php (9)
in D:\xampp\htdocs\trackstar\protected\controllers\ProjectController.php (133)
in D:\xampp\htdocs\trackstar\index.php (13)
2013/08/13 15:50:25 [error] [php] Undefined variable: model (D:\xampp\htdocs\trackstar\protected\views\project\index.php:9)
Stack trace:
#0 D:\xampp\htdocs\yii\framework\web\CController.php(866): ProjectController->renderFile()
#1 D:\xampp\htdocs\yii\framework\web\CController.php(779): ProjectController->renderPartial()
#2 D:\xampp\htdocs\trackstar\protected\controllers\ProjectController.php(133): ProjectController->render()
#3 D:\xampp\htdocs\yii\framework\web\actions\CInlineAction.php(50): ProjectController->actionIndex()
#4 D:\xampp\htdocs\yii\framework\web\CController.php(300): CInlineAction->runWithParams()
#5 D:\xampp\htdocs\yii\framework\web\filters\CFilterChain.php(133): ProjectController->runAction()
#6 D:\xampp\htdocs\yii\framework\web\filters\CFilter.php(41): CFilterChain->run()
#7 D:\xampp\htdocs\yii\framework\web\CController.php(1122): CAccessControlFilter->filter()
#8 D:\xampp\htdocs\yii\framework\web\filters\CInlineFilter.php(59): ProjectController->filterAccessControl()
#9 D:\xampp\htdocs\yii\framework\web\filters\CFilterChain.php(130): CInlineFilter->filter()
#10 D:\xampp\htdocs\yii\framework\web\CController.php(283): CFilterChain->run()
#11 D:\xampp\htdocs\yii\framework\web\CController.php(257): ProjectController->runActionWithFilters()
#12 D:\xampp\htdocs\yii\framework\web\CWebApplication.php(328): ProjectController->run()
#13 D:\xampp\htdocs\yii\framework\web\CWebApplication.php(121): CWebApplication->runController()
#14 D:\xampp\htdocs\yii\framework\base\CApplication.php(155): CWebApplication->processRequest()
#15 D:\xampp\htdocs\trackstar\index.php(13): CWebApplication->run()
REQUEST_URI=/trackstar/index.php?r=project
in D:\xampp\htdocs\trackstar\protected\views\project\index.php (9)
in D:\xampp\htdocs\trackstar\protected\controllers\ProjectController.php (133)
in D:\xampp\htdocs\trackstar\index.php (13)
2013/08/13 15:50:50 [error] [exception.CException] exception 'CException' with message 'ProjectController does not have a method named "model".' in D:\xampp\htdocs\yii\framework\base\CComponent.php:266
Stack trace:
#0 D:\xampp\htdocs\trackstar\protected\views\project\index.php(9): CComponent->__call('model', Array)
#1 D:\xampp\htdocs\trackstar\protected\views\project\index.php(9): ProjectController->model()
#2 D:\xampp\htdocs\yii\framework\web\CBaseController.php(119): require('D:\xampp\htdocs...')
#3 D:\xampp\htdocs\yii\framework\web\CBaseController.php(88): CBaseController->renderInternal('D:\xampp\htdocs...', Array, true)
#4 D:\xampp\htdocs\yii\framework\web\CController.php(866): CBaseController->renderFile('D:\xampp\htdocs...', Array, true)
#5 D:\xampp\htdocs\yii\framework\web\CController.php(779): CController->renderPartial('index', Array, true)
#6 D:\xampp\htdocs\trackstar\protected\controllers\ProjectController.php(133): CController->render('index', Array)
#7 D:\xampp\htdocs\yii\framework\web\actions\CInlineAction.php(50): ProjectController->actionIndex()
#8 D:\xampp\htdocs\yii\framework\web\CController.php(300): CInlineAction->runWithParams(Array)
#9 D:\xampp\htdocs\yii\framework\web\filters\CFilterChain.php(133): CController->runAction(Object(CInlineAction))
#10 D:\xampp\htdocs\yii\framework\web\filters\CFilter.php(41): CFilterChain->run()
#11 D:\xampp\htdocs\yii\framework\web\CController.php(1122): CFilter->filter(Object(CFilterChain))
#12 D:\xampp\htdocs\yii\framework\web\filters\CInlineFilter.php(59): CController->filterAccessControl(Object(CFilterChain))
#13 D:\xampp\htdocs\yii\framework\web\filters\CFilterChain.php(130): CInlineFilter->filter(Object(CFilterChain))
#14 D:\xampp\htdocs\yii\framework\web\CController.php(283): CFilterChain->run()
#15 D:\xampp\htdocs\yii\framework\web\CController.php(257): CController->runActionWithFilters(Object(CInlineAction), Array)
#16 D:\xampp\htdocs\yii\framework\web\CWebApplication.php(328): CController->run('')
#17 D:\xampp\htdocs\yii\framework\web\CWebApplication.php(121): CWebApplication->runController('project')
#18 D:\xampp\htdocs\yii\framework\base\CApplication.php(155): CWebApplication->processRequest()
#19 D:\xampp\htdocs\trackstar\index.php(13): CApplication->run()
#20 {main} REQUEST_URI=/trackstar/index.php?r=project
2013/08/13 15:51:53 [error] [php] Undefined variable: model (D:\xampp\htdocs\trackstar\protected\views\project\index.php:9)
Stack trace:
#0 D:\xampp\htdocs\yii\framework\web\CController.php(866): ProjectController->renderFile()
#1 D:\xampp\htdocs\yii\framework\web\CController.php(779): ProjectController->renderPartial()
#2 D:\xampp\htdocs\trackstar\protected\controllers\ProjectController.php(133): ProjectController->render()
#3 D:\xampp\htdocs\yii\framework\web\actions\CInlineAction.php(50): ProjectController->actionIndex()
#4 D:\xampp\htdocs\yii\framework\web\CController.php(300): CInlineAction->runWithParams()
#5 D:\xampp\htdocs\yii\framework\web\filters\CFilterChain.php(133): ProjectController->runAction()
#6 D:\xampp\htdocs\yii\framework\web\filters\CFilter.php(41): CFilterChain->run()
#7 D:\xampp\htdocs\yii\framework\web\CController.php(1122): CAccessControlFilter->filter()
#8 D:\xampp\htdocs\yii\framework\web\filters\CInlineFilter.php(59): ProjectController->filterAccessControl()
#9 D:\xampp\htdocs\yii\framework\web\filters\CFilterChain.php(130): CInlineFilter->filter()
#10 D:\xampp\htdocs\yii\framework\web\CController.php(283): CFilterChain->run()
#11 D:\xampp\htdocs\yii\framework\web\CController.php(257): ProjectController->runActionWithFilters()
#12 D:\xampp\htdocs\yii\framework\web\CWebApplication.php(328): ProjectController->run()
#13 D:\xampp\htdocs\yii\framework\web\CWebApplication.php(121): CWebApplication->runController()
#14 D:\xampp\htdocs\yii\framework\base\CApplication.php(155): CWebApplication->processRequest()
#15 D:\xampp\htdocs\trackstar\index.php(13): CWebApplication->run()
REQUEST_URI=/trackstar/index.php?r=project
in D:\xampp\htdocs\trackstar\protected\views\project\index.php (9)
in D:\xampp\htdocs\trackstar\protected\controllers\ProjectController.php (133)
in D:\xampp\htdocs\trackstar\index.php (13)
2013/08/13 16:19:37 [error] [exception.CHttpException.404] exception 'CHttpException' with message 'The system is unable to find the requested action "project".' in D:\xampp\htdocs\yii\framework\web\CController.php:477
Stack trace:
#0 D:\xampp\htdocs\yii\framework\web\CController.php(262): CController->missingAction('project')
#1 D:\xampp\htdocs\yii\framework\web\CWebApplication.php(328): CController->run('project')
#2 D:\xampp\htdocs\yii\framework\web\CWebApplication.php(121): CWebApplication->runController('issue/project')
#3 D:\xampp\htdocs\yii\framework\base\CApplication.php(155): CWebApplication->processRequest()
#4 D:\xampp\htdocs\trackstar\index.php(13): CApplication->run()
#5 {main} REQUEST_URI=/trackstar/index.php?r=issue/project
2013/08/13 16:19:48 [error] [php] Undefined variable: model (D:\xampp\htdocs\trackstar\protected\views\project\index.php:9)
Stack trace:
#0 D:\xampp\htdocs\yii\framework\web\CController.php(866): ProjectController->renderFile()
#1 D:\xampp\htdocs\yii\framework\web\CController.php(779): ProjectController->renderPartial()
#2 D:\xampp\htdocs\trackstar\protected\controllers\ProjectController.php(133): ProjectController->render()
#3 D:\xampp\htdocs\yii\framework\web\actions\CInlineAction.php(50): ProjectController->actionIndex()
#4 D:\xampp\htdocs\yii\framework\web\CController.php(300): CInlineAction->runWithParams()
#5 D:\xampp\htdocs\yii\framework\web\filters\CFilterChain.php(133): ProjectController->runAction()
#6 D:\xampp\htdocs\yii\framework\web\filters\CFilter.php(41): CFilterChain->run()
#7 D:\xampp\htdocs\yii\framework\web\CController.php(1122): CAccessControlFilter->filter()
#8 D:\xampp\htdocs\yii\framework\web\filters\CInlineFilter.php(59): ProjectController->filterAccessControl()
#9 D:\xampp\htdocs\yii\framework\web\filters\CFilterChain.php(130): CInlineFilter->filter()
#10 D:\xampp\htdocs\yii\framework\web\CController.php(283): CFilterChain->run()
#11 D:\xampp\htdocs\yii\framework\web\CController.php(257): ProjectController->runActionWithFilters()
#12 D:\xampp\htdocs\yii\framework\web\CWebApplication.php(328): ProjectController->run()
#13 D:\xampp\htdocs\yii\framework\web\CWebApplication.php(121): CWebApplication->runController()
#14 D:\xampp\htdocs\yii\framework\base\CApplication.php(155): CWebApplication->processRequest()
#15 D:\xampp\htdocs\trackstar\index.php(13): CWebApplication->run()
REQUEST_URI=/trackstar/index.php?r=project
in D:\xampp\htdocs\trackstar\protected\views\project\index.php (9)
in D:\xampp\htdocs\trackstar\protected\controllers\ProjectController.php (133)
in D:\xampp\htdocs\trackstar\index.php (13)
2013/08/13 16:19:52 [error] [exception.CHttpException.404] exception 'CHttpException' with message 'The system is unable to find the requested action "project".' in D:\xampp\htdocs\yii\framework\web\CController.php:477
Stack trace:
#0 D:\xampp\htdocs\yii\framework\web\CController.php(262): CController->missingAction('project')
#1 D:\xampp\htdocs\yii\framework\web\CWebApplication.php(328): CController->run('project')
#2 D:\xampp\htdocs\yii\framework\web\CWebApplication.php(121): CWebApplication->runController('issue/project')
#3 D:\xampp\htdocs\yii\framework\base\CApplication.php(155): CWebApplication->processRequest()
#4 D:\xampp\htdocs\trackstar\index.php(13): CApplication->run()
#5 {main} REQUEST_URI=/trackstar/index.php?r=issue/project
2013/08/13 17:01:25 [error] [exception.CException] exception 'CException' with message 'Property "IssueController._project_id" is not defined.' in D:\xampp\htdocs\yii\framework\base\CComponent.php:131
Stack trace:
#0 D:\xampp\htdocs\trackstar\protected\controllers\IssueController.php(66): CComponent->__get('_project_id')
#1 D:\xampp\htdocs\yii\framework\web\actions\CInlineAction.php(50): IssueController->actionCreate()
#2 D:\xampp\htdocs\yii\framework\web\CController.php(300): CInlineAction->runWithParams(Array)
#3 D:\xampp\htdocs\yii\framework\web\filters\CFilterChain.php(133): CController->runAction(Object(CInlineAction))
#4 D:\xampp\htdocs\trackstar\protected\controllers\IssueController.php(189): CFilterChain->run()
#5 D:\xampp\htdocs\yii\framework\web\filters\CInlineFilter.php(59): IssueController->filterProjectContext(Object(CFilterChain))
#6 D:\xampp\htdocs\yii\framework\web\filters\CFilterChain.php(130): CInlineFilter->filter(Object(CFilterChain))
#7 D:\xampp\htdocs\yii\framework\web\filters\CFilter.php(41): CFilterChain->run()
#8 D:\xampp\htdocs\yii\framework\web\CController.php(1122): CFilter->filter(Object(CFilterChain))
#9 D:\xampp\htdocs\yii\framework\web\filters\CInlineFilter.php(59): CController->filterAccessControl(Object(CFilterChain))
#10 D:\xampp\htdocs\yii\framework\web\filters\CFilterChain.php(130): CInlineFilter->filter(Object(CFilterChain))
#11 D:\xampp\htdocs\yii\framework\web\CController.php(283): CFilterChain->run()
#12 D:\xampp\htdocs\yii\framework\web\CController.php(257): CController->runActionWithFilters(Object(CInlineAction), Array)
#13 D:\xampp\htdocs\yii\framework\web\CWebApplication.php(328): CController->run('create')
#14 D:\xampp\htdocs\yii\framework\web\CWebApplication.php(121): CWebApplication->runController('issue/create')
#15 D:\xampp\htdocs\yii\framework\base\CApplication.php(155): CWebApplication->processRequest()
#16 D:\xampp\htdocs\trackstar\index.php(13): CApplication->run()
#17 {main} REQUEST_URI=/trackstar/index.php?r=issue/create&pid=1
2013/08/13 17:03:29 [error] [exception.CException] exception 'CException' with message 'Property "Project.user" is not defined.' in D:\xampp\htdocs\yii\framework\base\CComponent.php:131
Stack trace:
#0 D:\xampp\htdocs\yii\framework\db\ar\CActiveRecord.php(128): CComponent->__get('user')
#1 D:\xampp\htdocs\trackstar\protected\models\Project.php(107): CActiveRecord->__get('user')
#2 D:\xampp\htdocs\trackstar\protected\views\issue\_form.php(42): Project->getUserOptions()
#3 D:\xampp\htdocs\yii\framework\web\CBaseController.php(119): require('D:\xampp\htdocs...')
#4 D:\xampp\htdocs\yii\framework\web\CBaseController.php(88): CBaseController->renderInternal('D:\xampp\htdocs...', Array, true)
#5 D:\xampp\htdocs\yii\framework\web\CController.php(866): CBaseController->renderFile('D:\xampp\htdocs...', Array, true)
#6 D:\xampp\htdocs\trackstar\protected\views\issue\create.php(15): CController->renderPartial('_form', Array)
#7 D:\xampp\htdocs\yii\framework\web\CBaseController.php(119): require('D:\xampp\htdocs...')
#8 D:\xampp\htdocs\yii\framework\web\CBaseController.php(88): CBaseController->renderInternal('D:\xampp\htdocs...', Array, true)
#9 D:\xampp\htdocs\yii\framework\web\CController.php(866): CBaseController->renderFile('D:\xampp\htdocs...', Array, true)
#10 D:\xampp\htdocs\yii\framework\web\CController.php(779): CController->renderPartial('create', Array, true)
#11 D:\xampp\htdocs\trackstar\protected\controllers\IssueController.php(79): CController->render('create', Array)
#12 D:\xampp\htdocs\yii\framework\web\actions\CInlineAction.php(50): IssueController->actionCreate()
#13 D:\xampp\htdocs\yii\framework\web\CController.php(300): CInlineAction->runWithParams(Array)
#14 D:\xampp\htdocs\yii\framework\web\filters\CFilterChain.php(133): CController->runAction(Object(CInlineAction))
#15 D:\xampp\htdocs\trackstar\protected\controllers\IssueController.php(189): CFilterChain->run()
#16 D:\xampp\htdocs\yii\framework\web\filters\CInlineFilter.php(59): IssueController->filterProjectContext(Object(CFilterChain))
#17 D:\xampp\htdocs\yii\framework\web\filters\CFilterChain.php(130): CInlineFilter->filter(Object(CFilterChain))
#18 D:\xampp\htdocs\yii\framework\web\filters\CFilter.php(41): CFilterChain->run()
#19 D:\xampp\htdocs\yii\framework\web\CController.php(1122): CFilter->filter(Object(CFilterChain))
#20 D:\xampp\htdocs\yii\framework\web\filters\CInlineFilter.php(59): CController->filterAccessControl(Object(CFilterChain))
#21 D:\xampp\htdocs\yii\framework\web\filters\CFilterChain.php(130): CInlineFilter->filter(Object(CFilterChain))
#22 D:\xampp\htdocs\yii\framework\web\CController.php(283): CFilterChain->run()
#23 D:\xampp\htdocs\yii\framework\web\CController.php(257): CController->runActionWithFilters(Object(CInlineAction), Array)
#24 D:\xampp\htdocs\yii\framework\web\CWebApplication.php(328): CController->run('create')
#25 D:\xampp\htdocs\yii\framework\web\CWebApplication.php(121): CWebApplication->runController('issue/create')
#26 D:\xampp\htdocs\yii\framework\base\CApplication.php(155): CWebApplication->processRequest()
#27 D:\xampp\htdocs\trackstar\index.php(13): CApplication->run()
#28 {main} REQUEST_URI=/trackstar/index.php?r=issue/create&pid=1
2013/08/13 17:05:00 [error] [php] include(User.php): failed to open stream: No such file or directory (D:\xampp\htdocs\yii\framework\YiiBase.php:396)
Stack trace:
#0 D:\xampp\htdocs\yii\framework\db\ar\CActiveRecord.php(370): spl_autoload_call()
#1 D:\xampp\htdocs\yii\framework\db\ar\CActiveFinder.php(218): model()
#2 D:\xampp\htdocs\yii\framework\db\ar\CActiveFinder.php(51): CActiveFinder->buildJoinTree()
#3 D:\xampp\htdocs\yii\framework\db\ar\CActiveRecord.php(257): CActiveFinder->__construct()
#4 D:\xampp\htdocs\yii\framework\db\ar\CActiveRecord.php(126): Project->getRelated()
#5 D:\xampp\htdocs\trackstar\protected\models\Project.php(107): Project->__get()
#6 D:\xampp\htdocs\trackstar\protected\views\issue\_form.php(42): Project->getUserOptions()
#7 D:\xampp\htdocs\yii\framework\web\CBaseController.php(119): require()
#8 D:\xampp\htdocs\yii\framework\web\CBaseController.php(88): IssueController->renderInternal()
#9 D:\xampp\htdocs\yii\framework\web\CController.php(866): IssueController->renderFile()
#10 D:\xampp\htdocs\trackstar\protected\views\issue\create.php(15): IssueController->renderPartial()
#11 D:\xampp\htdocs\yii\framework\web\CBaseController.php(119): require()
#12 D:\xampp\htdocs\yii\framework\web\CBaseController.php(88): IssueController->renderInternal()
#13 D:\xampp\htdocs\yii\framework\web\CController.php(866): IssueController->renderFile()
#14 D:\xampp\htdocs\yii\framework\web\CController.php(779): IssueController->renderPartial()
#15 D:\xampp\htdocs\trackstar\protected\controllers\IssueController.php(79): IssueController->render()
#16 D:\xampp\htdocs\yii\framework\web\actions\CInlineAction.php(50): IssueController->actionCreate()
#17 D:\xampp\htdocs\yii\framework\web\CController.php(300): CInlineAction->runWithParams()
#18 D:\xampp\htdocs\yii\framework\web\filters\CFilterChain.php(133): IssueController->runAction()
#19 D:\xampp\htdocs\trackstar\protected\controllers\IssueController.php(189): CFilterChain->run()
#20 D:\xampp\htdocs\yii\framework\web\filters\CInlineFilter.php(59): IssueController->filterProjectContext()
#21 D:\xampp\htdocs\yii\framework\web\filters\CFilterChain.php(130): CInlineFilter->filter()
#22 D:\xampp\htdocs\yii\framework\web\filters\CFilter.php(41): CFilterChain->run()
#23 D:\xampp\htdocs\yii\framework\web\CController.php(1122): CAccessControlFilter->filter()
#24 D:\xampp\htdocs\yii\framework\web\filters\CInlineFilter.php(59): IssueController->filterAccessControl()
#25 D:\xampp\htdocs\yii\framework\web\filters\CFilterChain.php(130): CInlineFilter->filter()
#26 D:\xampp\htdocs\yii\framework\web\CController.php(283): CFilterChain->run()
#27 D:\xampp\htdocs\yii\framework\web\CController.php(257): IssueController->runActionWithFilters()
#28 D:\xampp\htdocs\yii\framework\web\CWebApplication.php(328): IssueController->run()
#29 D:\xampp\htdocs\yii\framework\web\CWebApplication.php(121): CWebApplication->runController()
#30 D:\xampp\htdocs\yii\framework\base\CApplication.php(155): CWebApplication->processRequest()
#31 D:\xampp\htdocs\trackstar\index.php(13): CWebApplication->run()
REQUEST_URI=/trackstar/index.php?r=issue/create&pid=1
in D:\xampp\htdocs\trackstar\protected\models\Project.php (107)
in D:\xampp\htdocs\trackstar\protected\views\issue\_form.php (42)
in D:\xampp\htdocs\trackstar\protected\views\issue\create.php (15)
2013/08/13 17:06:27 [error] [exception.CDbException] exception 'CDbException' with message 'The relation "users" in active record class "Project" is specified with an invalid foreign key. The format of the foreign key must be "joinTable(fk1,fk2,...)".' in D:\xampp\htdocs\yii\framework\db\ar\CActiveFinder.php:559
Stack trace:
#0 D:\xampp\htdocs\yii\framework\db\ar\CActiveFinder.php(519): CJoinElement->applyLazyCondition(Object(CJoinQuery), Object(Project))
#1 D:\xampp\htdocs\yii\framework\db\ar\CActiveFinder.php(166): CJoinElement->lazyFind(Object(Project))
#2 D:\xampp\htdocs\yii\framework\db\ar\CActiveRecord.php(258): CActiveFinder->lazyFind(Object(Project))
#3 D:\xampp\htdocs\yii\framework\db\ar\CActiveRecord.php(126): CActiveRecord->getRelated('users')
#4 D:\xampp\htdocs\trackstar\protected\models\Project.php(107): CActiveRecord->__get('users')
#5 D:\xampp\htdocs\trackstar\protected\views\issue\_form.php(42): Project->getUserOptions()
#6 D:\xampp\htdocs\yii\framework\web\CBaseController.php(119): require('D:\xampp\htdocs...')
#7 D:\xampp\htdocs\yii\framework\web\CBaseController.php(88): CBaseController->renderInternal('D:\xampp\htdocs...', Array, true)
#8 D:\xampp\htdocs\yii\framework\web\CController.php(866): CBaseController->renderFile('D:\xampp\htdocs...', Array, true)
#9 D:\xampp\htdocs\trackstar\protected\views\issue\create.php(15): CController->renderPartial('_form', Array)
#10 D:\xampp\htdocs\yii\framework\web\CBaseController.php(119): require('D:\xampp\htdocs...')
#11 D:\xampp\htdocs\yii\framework\web\CBaseController.php(88): CBaseController->renderInternal('D:\xampp\htdocs...', Array, true)
#12 D:\xampp\htdocs\yii\framework\web\CController.php(866): CBaseController->renderFile('D:\xampp\htdocs...', Array, true)
#13 D:\xampp\htdocs\yii\framework\web\CController.php(779): CController->renderPartial('create', Array, true)
#14 D:\xampp\htdocs\trackstar\protected\controllers\IssueController.php(79): CController->render('create', Array)
#15 D:\xampp\htdocs\yii\framework\web\actions\CInlineAction.php(50): IssueController->actionCreate()
#16 D:\xampp\htdocs\yii\framework\web\CController.php(300): CInlineAction->runWithParams(Array)
#17 D:\xampp\htdocs\yii\framework\web\filters\CFilterChain.php(133): CController->runAction(Object(CInlineAction))
#18 D:\xampp\htdocs\trackstar\protected\controllers\IssueController.php(189): CFilterChain->run()
#19 D:\xampp\htdocs\yii\framework\web\filters\CInlineFilter.php(59): IssueController->filterProjectContext(Object(CFilterChain))
#20 D:\xampp\htdocs\yii\framework\web\filters\CFilterChain.php(130): CInlineFilter->filter(Object(CFilterChain))
#21 D:\xampp\htdocs\yii\framework\web\filters\CFilter.php(41): CFilterChain->run()
#22 D:\xampp\htdocs\yii\framework\web\CController.php(1122): CFilter->filter(Object(CFilterChain))
#23 D:\xampp\htdocs\yii\framework\web\filters\CInlineFilter.php(59): CController->filterAccessControl(Object(CFilterChain))
#24 D:\xampp\htdocs\yii\framework\web\filters\CFilterChain.php(130): CInlineFilter->filter(Object(CFilterChain))
#25 D:\xampp\htdocs\yii\framework\web\CController.php(283): CFilterChain->run()
#26 D:\xampp\htdocs\yii\framework\web\CController.php(257): CController->runActionWithFilters(Object(CInlineAction), Array)
#27 D:\xampp\htdocs\yii\framework\web\CWebApplication.php(328): CController->run('create')
#28 D:\xampp\htdocs\yii\framework\web\CWebApplication.php(121): CWebApplication->runController('issue/create')
#29 D:\xampp\htdocs\yii\framework\base\CApplication.php(155): CWebApplication->processRequest()
#30 D:\xampp\htdocs\trackstar\index.php(13): CApplication->run()
#31 {main} REQUEST_URI=/trackstar/index.php?r=issue/create&pid=1
2013/08/14 18:26:42 [error] [php] include(zii:widgets:CListView.php): failed to open stream: Invalid argument (D:\xampp\htdocs\yii\framework\YiiBase.php:396)
Stack trace:
#0 D:\xampp\htdocs\yii\framework\web\CWidgetFactory.php(147): import()
#1 D:\xampp\htdocs\yii\framework\web\CBaseController.php(139): CWidgetFactory->createWidget()
#2 D:\xampp\htdocs\yii\framework\web\CBaseController.php(165): ProjectController->createWidget()
#3 D:\xampp\htdocs\trackstar\protected\views\project\view.php(37): ProjectController->widget()
#4 D:\xampp\htdocs\yii\framework\web\CBaseController.php(119): require()
#5 D:\xampp\htdocs\yii\framework\web\CBaseController.php(88): ProjectController->renderInternal()
#6 D:\xampp\htdocs\yii\framework\web\CController.php(866): ProjectController->renderFile()
#7 D:\xampp\htdocs\yii\framework\web\CController.php(779): ProjectController->renderPartial()
#8 D:\xampp\htdocs\trackstar\protected\controllers\ProjectController.php(65): ProjectController->render()
#9 unknown(0): ProjectController->actionView()
#10 D:\xampp\htdocs\yii\framework\web\actions\CAction.php(104): ReflectionMethod->invokeArgs()
#11 D:\xampp\htdocs\yii\framework\web\actions\CInlineAction.php(48): CInlineAction->runWithParamsInternal()
#12 D:\xampp\htdocs\yii\framework\web\CController.php(300): CInlineAction->runWithParams()
#13 D:\xampp\htdocs\yii\framework\web\filters\CFilterChain.php(133): ProjectController->runAction()
#14 D:\xampp\htdocs\yii\framework\web\filters\CFilter.php(41): CFilterChain->run()
#15 D:\xampp\htdocs\yii\framework\web\CController.php(1122): CAccessControlFilter->filter()
#16 D:\xampp\htdocs\yii\framework\web\filters\CInlineFilter.php(59): ProjectController->filterAccessControl()
#17 D:\xampp\htdocs\yii\framework\web\filters\CFilterChain.php(130): CInlineFilter->filter()
#18 D:\xampp\htdocs\yii\framework\web\CController.php(283): CFilterChain->run()
#19 D:\xampp\htdocs\yii\framework\web\CController.php(257): ProjectController->runActionWithFilters()
#20 D:\xampp\htdocs\yii\framework\web\CWebApplication.php(328): ProjectController->run()
#21 D:\xampp\htdocs\yii\framework\web\CWebApplication.php(121): CWebApplication->runController()
#22 D:\xampp\htdocs\yii\framework\base\CApplication.php(155): CWebApplication->processRequest()
#23 D:\xampp\htdocs\trackstar\index.php(13): CWebApplication->run()
REQUEST_URI=/trackstar/index.php?r=project/view&id=1
in D:\xampp\htdocs\trackstar\protected\views\project\view.php (37)
in D:\xampp\htdocs\trackstar\protected\controllers\ProjectController.php (65)
in D:\xampp\htdocs\trackstar\index.php (13)
2013/08/14 18:27:27 [error] [php] include(zii:widgets:CListView.php): failed to open stream: Invalid argument (D:\xampp\htdocs\yii\framework\YiiBase.php:396)
Stack trace:
#0 D:\xampp\htdocs\yii\framework\web\CWidgetFactory.php(147): import()
#1 D:\xampp\htdocs\yii\framework\web\CBaseController.php(139): CWidgetFactory->createWidget()
#2 D:\xampp\htdocs\yii\framework\web\CBaseController.php(165): ProjectController->createWidget()
#3 D:\xampp\htdocs\trackstar\protected\views\project\view.php(37): ProjectController->widget()
#4 D:\xampp\htdocs\yii\framework\web\CBaseController.php(119): require()
#5 D:\xampp\htdocs\yii\framework\web\CBaseController.php(88): ProjectController->renderInternal()
#6 D:\xampp\htdocs\yii\framework\web\CController.php(866): ProjectController->renderFile()
#7 D:\xampp\htdocs\yii\framework\web\CController.php(779): ProjectController->renderPartial()
#8 D:\xampp\htdocs\trackstar\protected\controllers\ProjectController.php(65): ProjectController->render()
#9 unknown(0): ProjectController->actionView()
#10 D:\xampp\htdocs\yii\framework\web\actions\CAction.php(104): ReflectionMethod->invokeArgs()
#11 D:\xampp\htdocs\yii\framework\web\actions\CInlineAction.php(48): CInlineAction->runWithParamsInternal()
#12 D:\xampp\htdocs\yii\framework\web\CController.php(300): CInlineAction->runWithParams()
#13 D:\xampp\htdocs\yii\framework\web\filters\CFilterChain.php(133): ProjectController->runAction()
#14 D:\xampp\htdocs\yii\framework\web\filters\CFilter.php(41): CFilterChain->run()
#15 D:\xampp\htdocs\yii\framework\web\CController.php(1122): CAccessControlFilter->filter()
#16 D:\xampp\htdocs\yii\framework\web\filters\CInlineFilter.php(59): ProjectController->filterAccessControl()
#17 D:\xampp\htdocs\yii\framework\web\filters\CFilterChain.php(130): CInlineFilter->filter()
#18 D:\xampp\htdocs\yii\framework\web\CController.php(283): CFilterChain->run()
#19 D:\xampp\htdocs\yii\framework\web\CController.php(257): ProjectController->runActionWithFilters()
#20 D:\xampp\htdocs\yii\framework\web\CWebApplication.php(328): ProjectController->run()
#21 D:\xampp\htdocs\yii\framework\web\CWebApplication.php(121): CWebApplication->runController()
#22 D:\xampp\htdocs\yii\framework\base\CApplication.php(155): CWebApplication->processRequest()
#23 D:\xampp\htdocs\trackstar\index.php(13): CWebApplication->run()
REQUEST_URI=/trackstar/index.php?r=project/view&id=1
in D:\xampp\htdocs\trackstar\protected\views\project\view.php (37)
in D:\xampp\htdocs\trackstar\protected\controllers\ProjectController.php (65)
in D:\xampp\htdocs\trackstar\index.php (13)
2013/08/15 01:09:27 [error] [php] include(zii:widgets:CListView.php): failed to open stream: Invalid argument (D:\xampp\htdocs\yii\framework\YiiBase.php:396)
Stack trace:
#0 D:\xampp\htdocs\yii\framework\web\CWidgetFactory.php(147): import()
#1 D:\xampp\htdocs\yii\framework\web\CBaseController.php(139): CWidgetFactory->createWidget()
#2 D:\xampp\htdocs\yii\framework\web\CBaseController.php(165): ProjectController->createWidget()
#3 D:\xampp\htdocs\trackstar\protected\views\project\view.php(37): ProjectController->widget()
#4 D:\xampp\htdocs\yii\framework\web\CBaseController.php(119): require()
#5 D:\xampp\htdocs\yii\framework\web\CBaseController.php(88): ProjectController->renderInternal()
#6 D:\xampp\htdocs\yii\framework\web\CController.php(866): ProjectController->renderFile()
#7 D:\xampp\htdocs\yii\framework\web\CController.php(779): ProjectController->renderPartial()
#8 D:\xampp\htdocs\trackstar\protected\controllers\ProjectController.php(65): ProjectController->render()
#9 unknown(0): ProjectController->actionView()
#10 D:\xampp\htdocs\yii\framework\web\actions\CAction.php(104): ReflectionMethod->invokeArgs()
#11 D:\xampp\htdocs\yii\framework\web\actions\CInlineAction.php(48): CInlineAction->runWithParamsInternal()
#12 D:\xampp\htdocs\yii\framework\web\CController.php(300): CInlineAction->runWithParams()
#13 D:\xampp\htdocs\yii\framework\web\filters\CFilterChain.php(133): ProjectController->runAction()
#14 D:\xampp\htdocs\yii\framework\web\filters\CFilter.php(41): CFilterChain->run()
#15 D:\xampp\htdocs\yii\framework\web\CController.php(1122): CAccessControlFilter->filter()
#16 D:\xampp\htdocs\yii\framework\web\filters\CInlineFilter.php(59): ProjectController->filterAccessControl()
#17 D:\xampp\htdocs\yii\framework\web\filters\CFilterChain.php(130): CInlineFilter->filter()
#18 D:\xampp\htdocs\yii\framework\web\CController.php(283): CFilterChain->run()
#19 D:\xampp\htdocs\yii\framework\web\CController.php(257): ProjectController->runActionWithFilters()
#20 D:\xampp\htdocs\yii\framework\web\CWebApplication.php(328): ProjectController->run()
#21 D:\xampp\htdocs\yii\framework\web\CWebApplication.php(121): CWebApplication->runController()
#22 D:\xampp\htdocs\yii\framework\base\CApplication.php(155): CWebApplication->processRequest()
#23 D:\xampp\htdocs\trackstar\index.php(13): CWebApplication->run()
REQUEST_URI=/trackstar/index.php?r=project/view&id=1
in D:\xampp\htdocs\trackstar\protected\views\project\view.php (37)
in D:\xampp\htdocs\trackstar\protected\controllers\ProjectController.php (65)
in D:\xampp\htdocs\trackstar\index.php (13)
2013/08/15 01:14:58 [error] [php] include(zii:widgets:CListView.php): failed to open stream: Invalid argument (D:\xampp\htdocs\yii\framework\YiiBase.php:396)
Stack trace:
#0 D:\xampp\htdocs\yii\framework\web\CWidgetFactory.php(147): import()
#1 D:\xampp\htdocs\yii\framework\web\CBaseController.php(139): CWidgetFactory->createWidget()
#2 D:\xampp\htdocs\yii\framework\web\CBaseController.php(165): ProjectController->createWidget()
#3 D:\xampp\htdocs\trackstar\protected\views\project\view.php(37): ProjectController->widget()
#4 D:\xampp\htdocs\yii\framework\web\CBaseController.php(119): require()
#5 D:\xampp\htdocs\yii\framework\web\CBaseController.php(88): ProjectController->renderInternal()
#6 D:\xampp\htdocs\yii\framework\web\CController.php(866): ProjectController->renderFile()
#7 D:\xampp\htdocs\yii\framework\web\CController.php(779): ProjectController->renderPartial()
#8 D:\xampp\htdocs\trackstar\protected\controllers\ProjectController.php(62): ProjectController->render()
#9 unknown(0): ProjectController->actionView()
#10 D:\xampp\htdocs\yii\framework\web\actions\CAction.php(104): ReflectionMethod->invokeArgs()
#11 D:\xampp\htdocs\yii\framework\web\actions\CInlineAction.php(48): CInlineAction->runWithParamsInternal()
#12 D:\xampp\htdocs\yii\framework\web\CController.php(300): CInlineAction->runWithParams()
#13 D:\xampp\htdocs\yii\framework\web\filters\CFilterChain.php(133): ProjectController->runAction()
#14 D:\xampp\htdocs\yii\framework\web\filters\CFilter.php(41): CFilterChain->run()
#15 D:\xampp\htdocs\yii\framework\web\CController.php(1122): CAccessControlFilter->filter()
#16 D:\xampp\htdocs\yii\framework\web\filters\CInlineFilter.php(59): ProjectController->filterAccessControl()
#17 D:\xampp\htdocs\yii\framework\web\filters\CFilterChain.php(130): CInlineFilter->filter()
#18 D:\xampp\htdocs\yii\framework\web\CController.php(283): CFilterChain->run()
#19 D:\xampp\htdocs\yii\framework\web\CController.php(257): ProjectController->runActionWithFilters()
#20 D:\xampp\htdocs\yii\framework\web\CWebApplication.php(328): ProjectController->run()
#21 D:\xampp\htdocs\yii\framework\web\CWebApplication.php(121): CWebApplication->runController()
#22 D:\xampp\htdocs\yii\framework\base\CApplication.php(155): CWebApplication->processRequest()
#23 D:\xampp\htdocs\trackstar\index.php(13): CWebApplication->run()
REQUEST_URI=/trackstar/index.php?r=project/view&id=1
in D:\xampp\htdocs\trackstar\protected\views\project\view.php (37)
in D:\xampp\htdocs\trackstar\protected\controllers\ProjectController.php (62)
in D:\xampp\htdocs\trackstar\index.php (13)
2013/08/15 01:25:15 [error] [php] include(zii:widgets:CListView.php): failed to open stream: Invalid argument (D:\xampp\htdocs\yii\framework\YiiBase.php:396)
Stack trace:
#0 D:\xampp\htdocs\yii\framework\web\CWidgetFactory.php(147): import()
#1 D:\xampp\htdocs\yii\framework\web\CBaseController.php(139): CWidgetFactory->createWidget()
#2 D:\xampp\htdocs\yii\framework\web\CBaseController.php(165): ProjectController->createWidget()
#3 D:\xampp\htdocs\trackstar\protected\views\project\view.php(37): ProjectController->widget()
#4 D:\xampp\htdocs\yii\framework\web\CBaseController.php(119): require()
#5 D:\xampp\htdocs\yii\framework\web\CBaseController.php(88): ProjectController->renderInternal()
#6 D:\xampp\htdocs\yii\framework\web\CController.php(866): ProjectController->renderFile()
#7 D:\xampp\htdocs\yii\framework\web\CController.php(779): ProjectController->renderPartial()
#8 D:\xampp\htdocs\trackstar\protected\controllers\ProjectController.php(62): ProjectController->render()
#9 unknown(0): ProjectController->actionView()
#10 D:\xampp\htdocs\yii\framework\web\actions\CAction.php(104): ReflectionMethod->invokeArgs()
#11 D:\xampp\htdocs\yii\framework\web\actions\CInlineAction.php(48): CInlineAction->runWithParamsInternal()
#12 D:\xampp\htdocs\yii\framework\web\CController.php(300): CInlineAction->runWithParams()
#13 D:\xampp\htdocs\yii\framework\web\filters\CFilterChain.php(133): ProjectController->runAction()
#14 D:\xampp\htdocs\yii\framework\web\filters\CFilter.php(41): CFilterChain->run()
#15 D:\xampp\htdocs\yii\framework\web\CController.php(1122): CAccessControlFilter->filter()
#16 D:\xampp\htdocs\yii\framework\web\filters\CInlineFilter.php(59): ProjectController->filterAccessControl()
#17 D:\xampp\htdocs\yii\framework\web\filters\CFilterChain.php(130): CInlineFilter->filter()
#18 D:\xampp\htdocs\yii\framework\web\CController.php(283): CFilterChain->run()
#19 D:\xampp\htdocs\yii\framework\web\CController.php(257): ProjectController->runActionWithFilters()
#20 D:\xampp\htdocs\yii\framework\web\CWebApplication.php(328): ProjectController->run()
#21 D:\xampp\htdocs\yii\framework\web\CWebApplication.php(121): CWebApplication->runController()
#22 D:\xampp\htdocs\yii\framework\base\CApplication.php(155): CWebApplication->processRequest()
#23 D:\xampp\htdocs\trackstar\index.php(13): CWebApplication->run()
REQUEST_URI=/trackstar/index.php?r=project/view&id=1
in D:\xampp\htdocs\trackstar\protected\views\project\view.php (37)
in D:\xampp\htdocs\trackstar\protected\controllers\ProjectController.php (62)
in D:\xampp\htdocs\trackstar\index.php (13)
2013/08/15 01:29:41 [error] [php] include(zii:widgets:CListView.php): failed to open stream: Invalid argument (D:\xampp\htdocs\yii\framework\YiiBase.php:396)
Stack trace:
#0 D:\xampp\htdocs\yii\framework\web\CWidgetFactory.php(147): import()
#1 D:\xampp\htdocs\yii\framework\web\CBaseController.php(139): CWidgetFactory->createWidget()
#2 D:\xampp\htdocs\yii\framework\web\CBaseController.php(165): ProjectController->createWidget()
#3 D:\xampp\htdocs\trackstar\protected\views\project\view.php(37): ProjectController->widget()
#4 D:\xampp\htdocs\yii\framework\web\CBaseController.php(119): require()
#5 D:\xampp\htdocs\yii\framework\web\CBaseController.php(88): ProjectController->renderInternal()
#6 D:\xampp\htdocs\yii\framework\web\CController.php(866): ProjectController->renderFile()
#7 D:\xampp\htdocs\yii\framework\web\CController.php(779): ProjectController->renderPartial()
#8 D:\xampp\htdocs\trackstar\protected\controllers\ProjectController.php(62): ProjectController->render()
#9 D:\xampp\htdocs\yii\framework\web\actions\CInlineAction.php(50): ProjectController->actionView()
#10 D:\xampp\htdocs\yii\framework\web\CController.php(300): CInlineAction->runWithParams()
#11 D:\xampp\htdocs\yii\framework\web\filters\CFilterChain.php(133): ProjectController->runAction()
#12 D:\xampp\htdocs\yii\framework\web\filters\CFilter.php(41): CFilterChain->run()
#13 D:\xampp\htdocs\yii\framework\web\CController.php(1122): CAccessControlFilter->filter()
#14 D:\xampp\htdocs\yii\framework\web\filters\CInlineFilter.php(59): ProjectController->filterAccessControl()
#15 D:\xampp\htdocs\yii\framework\web\filters\CFilterChain.php(130): CInlineFilter->filter()
#16 D:\xampp\htdocs\yii\framework\web\CController.php(283): CFilterChain->run()
#17 D:\xampp\htdocs\yii\framework\web\CController.php(257): ProjectController->runActionWithFilters()
#18 D:\xampp\htdocs\yii\framework\web\CWebApplication.php(328): ProjectController->run()
#19 D:\xampp\htdocs\yii\framework\web\CWebApplication.php(121): CWebApplication->runController()
#20 D:\xampp\htdocs\yii\framework\base\CApplication.php(155): CWebApplication->processRequest()
#21 D:\xampp\htdocs\trackstar\index.php(13): CWebApplication->run()
REQUEST_URI=/trackstar/index.php?r=project/view&id=1
in D:\xampp\htdocs\trackstar\protected\views\project\view.php (37)
in D:\xampp\htdocs\trackstar\protected\controllers\ProjectController.php (62)
in D:\xampp\htdocs\trackstar\index.php (13)
2013/08/15 01:29:44 [error] [php] include(zii:widgets:CListView.php): failed to open stream: Invalid argument (D:\xampp\htdocs\yii\framework\YiiBase.php:396)
Stack trace:
#0 D:\xampp\htdocs\yii\framework\web\CWidgetFactory.php(147): import()
#1 D:\xampp\htdocs\yii\framework\web\CBaseController.php(139): CWidgetFactory->createWidget()
#2 D:\xampp\htdocs\yii\framework\web\CBaseController.php(165): ProjectController->createWidget()
#3 D:\xampp\htdocs\trackstar\protected\views\project\view.php(37): ProjectController->widget()
#4 D:\xampp\htdocs\yii\framework\web\CBaseController.php(119): require()
#5 D:\xampp\htdocs\yii\framework\web\CBaseController.php(88): ProjectController->renderInternal()
#6 D:\xampp\htdocs\yii\framework\web\CController.php(866): ProjectController->renderFile()
#7 D:\xampp\htdocs\yii\framework\web\CController.php(779): ProjectController->renderPartial()
#8 D:\xampp\htdocs\trackstar\protected\controllers\ProjectController.php(62): ProjectController->render()
#9 D:\xampp\htdocs\yii\framework\web\actions\CInlineAction.php(50): ProjectController->actionView()
#10 D:\xampp\htdocs\yii\framework\web\CController.php(300): CInlineAction->runWithParams()
#11 D:\xampp\htdocs\yii\framework\web\filters\CFilterChain.php(133): ProjectController->runAction()
#12 D:\xampp\htdocs\yii\framework\web\filters\CFilter.php(41): CFilterChain->run()
#13 D:\xampp\htdocs\yii\framework\web\CController.php(1122): CAccessControlFilter->filter()
#14 D:\xampp\htdocs\yii\framework\web\filters\CInlineFilter.php(59): ProjectController->filterAccessControl()
#15 D:\xampp\htdocs\yii\framework\web\filters\CFilterChain.php(130): CInlineFilter->filter()
#16 D:\xampp\htdocs\yii\framework\web\CController.php(283): CFilterChain->run()
#17 D:\xampp\htdocs\yii\framework\web\CController.php(257): ProjectController->runActionWithFilters()
#18 D:\xampp\htdocs\yii\framework\web\CWebApplication.php(328): ProjectController->run()
#19 D:\xampp\htdocs\yii\framework\web\CWebApplication.php(121): CWebApplication->runController()
#20 D:\xampp\htdocs\yii\framework\base\CApplication.php(155): CWebApplication->processRequest()
#21 D:\xampp\htdocs\trackstar\index.php(13): CWebApplication->run()
REQUEST_URI=/trackstar/index.php?r=project/view&id=1
in D:\xampp\htdocs\trackstar\protected\views\project\view.php (37)
in D:\xampp\htdocs\trackstar\protected\controllers\ProjectController.php (62)
in D:\xampp\htdocs\trackstar\index.php (13)
2013/08/15 01:57:11 [error] [exception.CException] exception 'CException' with message 'Issue does not have a method named "getStatusTet".' in D:\xampp\htdocs\yii\framework\base\CComponent.php:266
Stack trace:
#0 D:\xampp\htdocs\yii\framework\db\ar\CActiveRecord.php(213): CComponent->__call('getStatusTet', Array)
#1 D:\xampp\htdocs\trackstar\protected\views\issue\_view.php(14): CActiveRecord->__call('getStatusTet', Array)
#2 D:\xampp\htdocs\trackstar\protected\views\issue\_view.php(14): Issue->getStatusTet()
#3 D:\xampp\htdocs\yii\framework\web\CBaseController.php(119): require('D:\xampp\htdocs...')
#4 D:\xampp\htdocs\yii\framework\web\CBaseController.php(88): CBaseController->renderInternal('D:\xampp\htdocs...', Array, true)
#5 D:\xampp\htdocs\yii\framework\web\CController.php(866): CBaseController->renderFile('D:\xampp\htdocs...', Array, true)
#6 D:\xampp\htdocs\yii\framework\zii\widgets\CListView.php(234): CController->renderPartial('/issue/_view', Array)
#7 D:\xampp\htdocs\yii\framework\zii\widgets\CBaseListView.php(158): CListView->renderItems()
#8 [internal function]: CBaseListView->renderSection(Array)
#9 D:\xampp\htdocs\yii\framework\zii\widgets\CBaseListView.php(141): preg_replace_callback('/{(\w+)}/', Array, '{summary}?{sort...')
#10 D:\xampp\htdocs\yii\framework\zii\widgets\CBaseListView.php(126): CBaseListView->renderContent()
#11 D:\xampp\htdocs\yii\framework\web\CBaseController.php(166): CBaseListView->run()
#12 D:\xampp\htdocs\trackstar\protected\views\project\view.php(37): CBaseController->widget('zii.widgets.CLi...', Array)
#13 D:\xampp\htdocs\yii\framework\web\CBaseController.php(119): require('D:\xampp\htdocs...')
#14 D:\xampp\htdocs\yii\framework\web\CBaseController.php(88): CBaseController->renderInternal('D:\xampp\htdocs...', Array, true)
#15 D:\xampp\htdocs\yii\framework\web\CController.php(866): CBaseController->renderFile('D:\xampp\htdocs...', Array, true)
#16 D:\xampp\htdocs\yii\framework\web\CController.php(779): CController->renderPartial('view', Array, true)
#17 D:\xampp\htdocs\trackstar\protected\controllers\ProjectController.php(62): CController->render('view', Array)
#18 D:\xampp\htdocs\yii\framework\web\actions\CInlineAction.php(50): ProjectController->actionView()
#19 D:\xampp\htdocs\yii\framework\web\CController.php(300): CInlineAction->runWithParams(Array)
#20 D:\xampp\htdocs\yii\framework\web\filters\CFilterChain.php(133): CController->runAction(Object(CInlineAction))
#21 D:\xampp\htdocs\yii\framework\web\filters\CFilter.php(41): CFilterChain->run()
#22 D:\xampp\htdocs\yii\framework\web\CController.php(1122): CFilter->filter(Object(CFilterChain))
#23 D:\xampp\htdocs\yii\framework\web\filters\CInlineFilter.php(59): CController->filterAccessControl(Object(CFilterChain))
#24 D:\xampp\htdocs\yii\framework\web\filters\CFilterChain.php(130): CInlineFilter->filter(Object(CFilterChain))
#25 D:\xampp\htdocs\yii\framework\web\CController.php(283): CFilterChain->run()
#26 D:\xampp\htdocs\yii\framework\web\CController.php(257): CController->runActionWithFilters(Object(CInlineAction), Array)
#27 D:\xampp\htdocs\yii\framework\web\CWebApplication.php(328): CController->run('view')
#28 D:\xampp\htdocs\yii\framework\web\CWebApplication.php(121): CWebApplication->runController('project/view')
#29 D:\xampp\htdocs\yii\framework\base\CApplication.php(155): CWebApplication->processRequest()
#30 D:\xampp\htdocs\trackstar\index.php(13): CApplication->run()
#31 {main} REQUEST_URI=/trackstar/index.php?r=project/view&id=1
